  모듈 종속성의 소스를 검사하는 중...
  LoginTest.h
C:\Users\Kang\Desktop\workspace\BWServer\BWServer\Types.h(4,14): fatal  error C1083: 포함 파일을 열 수 없습니다. 'boost/asio.hpp': No such file or directory
C:\Users\Kang\Desktop\workspace\BWServer\BWServer\Types.h(4,14): error C1083: 포함 파일을 열 수 없습니다. 'boost/asio.hpp': No such file or directory
  (소스 파일 'LoginTest.h'을(를) 컴파일하는 중)
  
C:\Program Files\Microsoft Visual Studio\2022\Community\MSBuild\Microsoft\VC\v170\Microsoft.CppCommon.targets(503,5): warning MSB8074: 모듈 종속성 파일 x64\Debug\LoginTest.h.module.json을(를) 읽을 수 없습니다. 네임스페이스 ''의 'root' 요소가 필요합니다.. 이름 '', 네임스페이스 ''을(를) 가진 'None'이(가) 발견되었습니다.  빌드 순서가 잘못되었을 수 있습니다.
  컴파일하는 중...
  LoginTest.h
C:\Users\Kang\Desktop\workspace\BWServer\BWServer\Types.h(4,1): error C1083: 포함 파일을 열 수 없습니다. 'boost/asio.hpp': No such file or directory
  (소스 파일 'LoginTest.h'을(를) 컴파일하는 중)
  
